<?xml version="1.0" encoding="UTF-8"?>
<!-- Generated by org.testng.reporters.JUnitReportReporter -->
<testsuite hostname="Yashi" name="com.arbohub.testcases.WelcomeOnboardingTest" tests="2" failures="0" timestamp="19 Jan 2018 09:33:00 GMT" time="18.706" errors="0">
  <testcase name="testWelcomeScreen" time="0.603" classname="com.arbohub.testcases.WelcomeOnboardingTest"/>
  <testcase name="testOnboardingScreen" time="18.103" classname="com.arbohub.testcases.WelcomeOnboardingTest"/>
</testsuite> <!-- com.arbohub.testcases.WelcomeOnboardingTest -->
