<?xml version="1.0" encoding="UTF-8"?>
<!-- Generated by org.testng.reporters.JUnitReportReporter -->
<testsuite hostname="Yashi" name="com.arbohub.testcases.PermissionsTest" tests="2" failures="0" timestamp="19 Jan 2018 09:33:00 GMT" time="11.489" errors="0">
  <testcase name="testDenyPermissionPopUps" time="5.324" classname="com.arbohub.testcases.PermissionsTest"/>
  <testcase name="testAllowPermissionPopUps" time="6.165" classname="com.arbohub.testcases.PermissionsTest"/>
</testsuite> <!-- com.arbohub.testcases.PermissionsTest -->
