<?xml version="1.0" encoding="UTF-8"?>
<!-- Generated by org.testng.reporters.JUnitReportReporter -->
<testsuite hostname="Yashi" name="com.arbohub.scripts.PermissionsTest" tests="1" failures="0" timestamp="21 Dec 2017 07:17:59 GMT" time="65.879" errors="0">
  <testcase name="testAllowPermissionPopUps" time="65.879" classname="com.arbohub.scripts.PermissionsTest"/>
</testsuite> <!-- com.arbohub.scripts.PermissionsTest -->
