<?xml version="1.0" encoding="UTF-8"?>
<!-- Generated by org.testng.reporters.JUnitReportReporter -->
<testsuite hostname="Yashi" name="com.arbohub.scripts.Sample" tests="1" failures="0" timestamp="18 Dec 2017 11:52:02 GMT" time="35.159" errors="0">
  <testcase name="testCaseOne" time="35.159" classname="com.arbohub.scripts.Sample"/>
</testsuite> <!-- com.arbohub.scripts.Sample -->
