<?xml version="1.0" encoding="UTF-8"?>
<!-- Generated by org.testng.reporters.JUnitReportReporter -->
<testsuite hostname="Yashi" name="com.arbohub.testcases.HoroscopeTest" tests="1" failures="0" timestamp="19 Jan 2018 06:42:53 GMT" time="192.074" errors="0">
  <testcase name="testHoroscopeScreen" time="192.074" classname="com.arbohub.testcases.HoroscopeTest"/>
</testsuite> <!-- com.arbohub.testcases.HoroscopeTest -->
