<?xml version="1.0" encoding="UTF-8"?>
<!-- Generated by org.testng.reporters.JUnitReportReporter -->
<testsuite hostname="Yashi" name="com.arbohub.testcases.CricketAndCelebrationsTest" tests="1" failures="0" timestamp="12 Jan 2018 10:42:17 GMT" time="32.025" errors="0">
  <testcase name="testCelebrationsScreen" time="32.025" classname="com.arbohub.testcases.CricketAndCelebrationsTest"/>
</testsuite> <!-- com.arbohub.testcases.CricketAndCelebrationsTest -->
